TN:
SF:/Users/work/Documents/sensible-datastore/index.js
FN:1,(anonymous_1)
FN:5,(anonymous_2)
FN:30,(anonymous_3)
FN:34,(anonymous_4)
FN:38,(anonymous_5)
FN:42,(anonymous_6)
FNF:6
FNH:6
FNDA:1,(anonymous_1)
FNDA:9,(anonymous_2)
FNDA:3,(anonymous_3)
FNDA:2,(anonymous_4)
FNDA:1,(anonymous_5)
FNDA:2,(anonymous_6)
DA:1,1
DA:2,1
DA:3,1
DA:5,1
DA:7,9
DA:8,1
DA:9,1
DA:11,8
DA:13,4
DA:15,4
DA:16,3
DA:18,3
DA:19,1
DA:20,1
DA:24,1
DA:25,1
DA:27,6
DA:30,1
DA:31,3
DA:34,1
DA:35,2
DA:38,1
DA:39,1
DA:42,1
DA:43,2
DA:46,1
DA:49,1
DA:50,0
LF:28
LH:27
BRDA:7,1,0,1
BRDA:7,1,1,8
BRDA:11,2,0,4
BRDA:11,2,1,4
BRDA:15,3,0,3
BRDA:15,3,1,1
BRDA:18,4,0,1
BRDA:18,4,1,2
BRDA:49,5,0,0
BRDA:49,5,1,1
BRF:10
BRH:9
end_of_record
